[0.488s] Invoking command in '/home/shuruixu/Desktop/CSCE452/452-roboticsprojects/452robotics-project4_ws/src/project4': PYTHONPATH=/home/shuruixu/Desktop/CSCE452/452-roboticsprojects/452robotics-project4_ws/build/project4/prefix_override:/home/shuruixu/Desktop/CSCE452/452-roboticsprojects/452robotics-project4_ws/install/project4/lib/python3.10/site-packages:${PYTHONPATH} /usr/bin/python3 setup.py egg_info --egg-base ../../build/project4 build --build-base /home/shuruixu/Desktop/CSCE452/452-roboticsprojects/452robotics-project4_ws/build/project4/build install --record /home/shuruixu/Desktop/CSCE452/452-roboticsprojects/452robotics-project4_ws/build/project4/install.log --single-version-externally-managed
[0.671s] running egg_info
[0.671s] writing ../../build/project4/project4.egg-info/PKG-INFO
[0.671s] writing dependency_links to ../../build/project4/project4.egg-info/dependency_links.txt
[0.672s] writing entry points to ../../build/project4/project4.egg-info/entry_points.txt
[0.672s] writing requirements to ../../build/project4/project4.egg-info/requires.txt
[0.672s] writing top-level names to ../../build/project4/project4.egg-info/top_level.txt
[0.673s] reading manifest file '../../build/project4/project4.egg-info/SOURCES.txt'
[0.674s] writing manifest file '../../build/project4/project4.egg-info/SOURCES.txt'
[0.675s] running build
[0.675s] running build_py
[0.675s] copying project4/disc_robot.py -> /home/shuruixu/Desktop/CSCE452/452-roboticsprojects/452robotics-project4_ws/build/project4/build/lib/project4
[0.675s] copying project4/simulator.py -> /home/shuruixu/Desktop/CSCE452/452-roboticsprojects/452robotics-project4_ws/build/project4/build/lib/project4
[0.675s] copying project4/tf_script.py -> /home/shuruixu/Desktop/CSCE452/452-roboticsprojects/452robotics-project4_ws/build/project4/build/lib/project4
[0.675s] running install
[0.676s] /usr/lib/python3/dist-packages/setuptools/command/install.py:34: SetuptoolsDeprecationWarning: setup.py install is deprecated. Use build and pip and other standards-based tools.
[0.676s]   warnings.warn(
[0.676s] running install_lib
[0.677s] copying /home/shuruixu/Desktop/CSCE452/452-roboticsprojects/452robotics-project4_ws/build/project4/build/lib/project4/disc_robot.py -> /home/shuruixu/Desktop/CSCE452/452-roboticsprojects/452robotics-project4_ws/install/project4/lib/python3.10/site-packages/project4
[0.677s] copying /home/shuruixu/Desktop/CSCE452/452-roboticsprojects/452robotics-project4_ws/build/project4/build/lib/project4/simulator.py -> /home/shuruixu/Desktop/CSCE452/452-roboticsprojects/452robotics-project4_ws/install/project4/lib/python3.10/site-packages/project4
[0.677s] copying /home/shuruixu/Desktop/CSCE452/452-roboticsprojects/452robotics-project4_ws/build/project4/build/lib/project4/tf_script.py -> /home/shuruixu/Desktop/CSCE452/452-roboticsprojects/452robotics-project4_ws/install/project4/lib/python3.10/site-packages/project4
[0.677s] byte-compiling /home/shuruixu/Desktop/CSCE452/452-roboticsprojects/452robotics-project4_ws/install/project4/lib/python3.10/site-packages/project4/disc_robot.py to disc_robot.cpython-310.pyc
[0.678s] byte-compiling /home/shuruixu/Desktop/CSCE452/452-roboticsprojects/452robotics-project4_ws/install/project4/lib/python3.10/site-packages/project4/simulator.py to simulator.cpython-310.pyc
[0.678s]   File "/home/shuruixu/Desktop/CSCE452/452-roboticsprojects/452robotics-project4_ws/install/project4/lib/python3.10/site-packages/project4/simulator.py", line 36
[0.678s]     self.tf_subscriber = self.create_subscription(?, 'tf', self.callback, 10)   
[0.678s]                                                   ^
[0.678s] SyntaxError: invalid syntax
[0.678s] 
[0.678s] byte-compiling /home/shuruixu/Desktop/CSCE452/452-roboticsprojects/452robotics-project4_ws/install/project4/lib/python3.10/site-packages/project4/tf_script.py to tf_script.cpython-310.pyc
[0.678s] running install_data
[0.679s] copying launch/launch.py -> /home/shuruixu/Desktop/CSCE452/452-roboticsprojects/452robotics-project4_ws/install/project4/share/project4
[0.679s] running install_egg_info
[0.680s] removing '/home/shuruixu/Desktop/CSCE452/452-roboticsprojects/452robotics-project4_ws/install/project4/lib/python3.10/site-packages/project4-0.0.0-py3.10.egg-info' (and everything under it)
[0.680s] Copying ../../build/project4/project4.egg-info to /home/shuruixu/Desktop/CSCE452/452-roboticsprojects/452robotics-project4_ws/install/project4/lib/python3.10/site-packages/project4-0.0.0-py3.10.egg-info
[0.681s] running install_scripts
[0.695s] Installing simulator script to /home/shuruixu/Desktop/CSCE452/452-roboticsprojects/452robotics-project4_ws/install/project4/lib/project4
[0.695s] writing list of installed files to '/home/shuruixu/Desktop/CSCE452/452-roboticsprojects/452robotics-project4_ws/build/project4/install.log'
[0.717s] Invoked command in '/home/shuruixu/Desktop/CSCE452/452-roboticsprojects/452robotics-project4_ws/src/project4' returned '0': PYTHONPATH=/home/shuruixu/Desktop/CSCE452/452-roboticsprojects/452robotics-project4_ws/build/project4/prefix_override:/home/shuruixu/Desktop/CSCE452/452-roboticsprojects/452robotics-project4_ws/install/project4/lib/python3.10/site-packages:${PYTHONPATH} /usr/bin/python3 setup.py egg_info --egg-base ../../build/project4 build --build-base /home/shuruixu/Desktop/CSCE452/452-roboticsprojects/452robotics-project4_ws/build/project4/build install --record /home/shuruixu/Desktop/CSCE452/452-roboticsprojects/452robotics-project4_ws/build/project4/install.log --single-version-externally-managed
