[0.869s] Invoking command in '/home/shuruixu/Desktop/CSCE452/452-roboticsprojects/452robotics-project4_ws/src/project4': PYTHONPATH=/home/shuruixu/Desktop/CSCE452/452-roboticsprojects/452robotics-project4_ws/build/project4/prefix_override:/home/shuruixu/Desktop/CSCE452/452-roboticsprojects/452robotics-project4_ws/install/project4/lib/python3.10/site-packages:${PYTHONPATH} /usr/bin/python3 setup.py egg_info --egg-base ../../build/project4 build --build-base /home/shuruixu/Desktop/CSCE452/452-roboticsprojects/452robotics-project4_ws/build/project4/build install --record /home/shuruixu/Desktop/CSCE452/452-roboticsprojects/452robotics-project4_ws/build/project4/install.log --single-version-externally-managed
[1.200s] running egg_info
[1.201s] writing ../../build/project4/project4.egg-info/PKG-INFO
[1.201s] writing dependency_links to ../../build/project4/project4.egg-info/dependency_links.txt
[1.202s] writing entry points to ../../build/project4/project4.egg-info/entry_points.txt
[1.202s] writing requirements to ../../build/project4/project4.egg-info/requires.txt
[1.202s] writing top-level names to ../../build/project4/project4.egg-info/top_level.txt
[1.205s] reading manifest file '../../build/project4/project4.egg-info/SOURCES.txt'
[1.206s] writing manifest file '../../build/project4/project4.egg-info/SOURCES.txt'
[1.206s] running build
[1.206s] running build_py
[1.207s] copying project4/simulator.py -> /home/shuruixu/Desktop/CSCE452/452-roboticsprojects/452robotics-project4_ws/build/project4/build/lib/project4
[1.207s] running install
[1.207s] /usr/lib/python3/dist-packages/setuptools/command/install.py:34: SetuptoolsDeprecationWarning: setup.py install is deprecated. Use build and pip and other standards-based tools.
[1.207s]   warnings.warn(
[1.207s] running install_lib
[1.208s] copying /home/shuruixu/Desktop/CSCE452/452-roboticsprojects/452robotics-project4_ws/build/project4/build/lib/project4/simulator.py -> /home/shuruixu/Desktop/CSCE452/452-roboticsprojects/452robotics-project4_ws/install/project4/lib/python3.10/site-packages/project4
[1.209s] byte-compiling /home/shuruixu/Desktop/CSCE452/452-roboticsprojects/452robotics-project4_ws/install/project4/lib/python3.10/site-packages/project4/simulator.py to simulator.cpython-310.pyc
[1.216s] running install_data
[1.217s] running install_egg_info
[1.218s] removing '/home/shuruixu/Desktop/CSCE452/452-roboticsprojects/452robotics-project4_ws/install/project4/lib/python3.10/site-packages/project4-0.0.0-py3.10.egg-info' (and everything under it)
[1.219s] Copying ../../build/project4/project4.egg-info to /home/shuruixu/Desktop/CSCE452/452-roboticsprojects/452robotics-project4_ws/install/project4/lib/python3.10/site-packages/project4-0.0.0-py3.10.egg-info
[1.220s] running install_scripts
[1.251s] Installing simulator script to /home/shuruixu/Desktop/CSCE452/452-roboticsprojects/452robotics-project4_ws/install/project4/lib/project4
[1.251s] writing list of installed files to '/home/shuruixu/Desktop/CSCE452/452-roboticsprojects/452robotics-project4_ws/build/project4/install.log'
[1.277s] Invoked command in '/home/shuruixu/Desktop/CSCE452/452-roboticsprojects/452robotics-project4_ws/src/project4' returned '0': PYTHONPATH=/home/shuruixu/Desktop/CSCE452/452-roboticsprojects/452robotics-project4_ws/build/project4/prefix_override:/home/shuruixu/Desktop/CSCE452/452-roboticsprojects/452robotics-project4_ws/install/project4/lib/python3.10/site-packages:${PYTHONPATH} /usr/bin/python3 setup.py egg_info --egg-base ../../build/project4 build --build-base /home/shuruixu/Desktop/CSCE452/452-roboticsprojects/452robotics-project4_ws/build/project4/build install --record /home/shuruixu/Desktop/CSCE452/452-roboticsprojects/452robotics-project4_ws/build/project4/install.log --single-version-externally-managed
