[0.249s] DEBUG:colcon:Command line arguments: ['/usr/bin/colcon', 'build']
[0.249s] DEBUG:colcon:Parsed command line arguments: Namespace(log_base=None, log_level=None, verb_name='build', build_base='build', install_base='install', merge_install=False, symlink_install=False, test_result_base=None, continue_on_error=False, executor='parallel', parallel_workers=8, event_handlers=None, ignore_user_meta=False, metas=['./colcon.meta'], base_paths=['.'], packages_ignore=None, packages_ignore_regex=None, paths=None, packages_up_to=None, packages_up_to_regex=None, packages_above=None, packages_above_and_dependencies=None, packages_above_depth=None, packages_select_by_dep=None, packages_skip_by_dep=None, packages_skip_up_to=None, packages_select_build_failed=False, packages_skip_build_finished=False, packages_select_test_failures=False, packages_skip_test_passed=False, packages_select=None, packages_skip=None, packages_select_regex=None, packages_skip_regex=None, packages_start=None, packages_end=None, allow_overriding=[], cmake_args=None, cmake_target=None, cmake_target_skip_unavailable=False, cmake_clean_cache=False, cmake_clean_first=False, cmake_force_configure=False, ament_cmake_args=None, catkin_cmake_args=None, catkin_skip_building_tests=False, verb_parser=<colcon_defaults.argument_parser.defaults.DefaultArgumentsDecorator object at 0x7f25736df940>, verb_extension=<colcon_core.verb.build.BuildVerb object at 0x7f2574031630>, main=<bound method BuildVerb.main of <colcon_core.verb.build.BuildVerb object at 0x7f2574031630>>)
[0.266s] Level 1:colcon.colcon_core.package_discovery:discover_packages(colcon_meta) check parameters
[0.266s] Level 1:colcon.colcon_core.package_discovery:discover_packages(recursive) check parameters
[0.266s] Level 1:colcon.colcon_core.package_discovery:discover_packages(ignore) check parameters
[0.266s] Level 1:colcon.colcon_core.package_discovery:discover_packages(path) check parameters
[0.266s] Level 1:colcon.colcon_core.package_discovery:discover_packages(colcon_meta) discover
[0.266s] Level 1:colcon.colcon_core.package_discovery:discover_packages(recursive) discover
[0.266s] INFO:colcon.colcon_core.package_discovery:Crawling recursively for packages in '/home/shuruixu/Desktop/CSCE452/452-roboticsprojects/452robotics-project3_ws'
[0.266s] Level 1:colcon.colcon_core.package_identification:_identify(.) by extensions ['ignore', 'ignore_ament_install']
[0.266s] Level 1:colcon.colcon_core.package_identification:_identify(.) by extension 'ignore'
[0.266s] Level 1:colcon.colcon_core.package_identification:_identify(.) by extension 'ignore_ament_install'
[0.266s] Level 1:colcon.colcon_core.package_identification:_identify(.) by extensions ['colcon_pkg']
[0.266s] Level 1:colcon.colcon_core.package_identification:_identify(.) by extension 'colcon_pkg'
[0.266s] Level 1:colcon.colcon_core.package_identification:_identify(.) by extensions ['colcon_meta']
[0.266s] Level 1:colcon.colcon_core.package_identification:_identify(.) by extension 'colcon_meta'
[0.266s] Level 1:colcon.colcon_core.package_identification:_identify(.) by extensions ['ros']
[0.267s] Level 1:colcon.colcon_core.package_identification:_identify(.) by extension 'ros'
[0.280s] Level 1:colcon.colcon_core.package_identification:_identify(.) by extensions ['cmake', 'python']
[0.280s] Level 1:colcon.colcon_core.package_identification:_identify(.) by extension 'cmake'
[0.280s] Level 1:colcon.colcon_core.package_identification:_identify(.) by extension 'python'
[0.280s] Level 1:colcon.colcon_core.package_identification:_identify(.) by extensions ['python_setup_py']
[0.280s] Level 1:colcon.colcon_core.package_identification:_identify(.) by extension 'python_setup_py'
[0.280s] Level 1:colcon.colcon_core.package_identification:_identify(build) by extensions ['ignore', 'ignore_ament_install']
[0.280s] Level 1:colcon.colcon_core.package_identification:_identify(build) by extension 'ignore'
[0.280s] Level 1:colcon.colcon_core.package_identification:_identify(build) ignored
[0.280s] Level 1:colcon.colcon_core.package_identification:_identify(example1) by extensions ['ignore', 'ignore_ament_install']
[0.280s] Level 1:colcon.colcon_core.package_identification:_identify(example1) by extension 'ignore'
[0.280s] Level 1:colcon.colcon_core.package_identification:_identify(example1) by extension 'ignore_ament_install'
[0.280s] Level 1:colcon.colcon_core.package_identification:_identify(example1) by extensions ['colcon_pkg']
[0.280s] Level 1:colcon.colcon_core.package_identification:_identify(example1) by extension 'colcon_pkg'
[0.280s] Level 1:colcon.colcon_core.package_identification:_identify(example1) by extensions ['colcon_meta']
[0.280s] Level 1:colcon.colcon_core.package_identification:_identify(example1) by extension 'colcon_meta'
[0.280s] Level 1:colcon.colcon_core.package_identification:_identify(example1) by extensions ['ros']
[0.280s] Level 1:colcon.colcon_core.package_identification:_identify(example1) by extension 'ros'
[0.280s] Level 1:colcon.colcon_core.package_identification:_identify(example1) by extensions ['cmake', 'python']
[0.281s] Level 1:colcon.colcon_core.package_identification:_identify(example1) by extension 'cmake'
[0.281s] Level 1:colcon.colcon_core.package_identification:_identify(example1) by extension 'python'
[0.281s] Level 1:colcon.colcon_core.package_identification:_identify(example1) by extensions ['python_setup_py']
[0.281s] Level 1:colcon.colcon_core.package_identification:_identify(example1) by extension 'python_setup_py'
[0.281s] Level 1:colcon.colcon_core.package_identification:_identify(example1Out) by extensions ['ignore', 'ignore_ament_install']
[0.281s] Level 1:colcon.colcon_core.package_identification:_identify(example1Out) by extension 'ignore'
[0.281s] Level 1:colcon.colcon_core.package_identification:_identify(example1Out) by extension 'ignore_ament_install'
[0.281s] Level 1:colcon.colcon_core.package_identification:_identify(example1Out) by extensions ['colcon_pkg']
[0.281s] Level 1:colcon.colcon_core.package_identification:_identify(example1Out) by extension 'colcon_pkg'
[0.281s] Level 1:colcon.colcon_core.package_identification:_identify(example1Out) by extensions ['colcon_meta']
[0.281s] Level 1:colcon.colcon_core.package_identification:_identify(example1Out) by extension 'colcon_meta'
[0.281s] Level 1:colcon.colcon_core.package_identification:_identify(example1Out) by extensions ['ros']
[0.281s] Level 1:colcon.colcon_core.package_identification:_identify(example1Out) by extension 'ros'
[0.281s] Level 1:colcon.colcon_core.package_identification:_identify(example1Out) by extensions ['cmake', 'python']
[0.281s] Level 1:colcon.colcon_core.package_identification:_identify(example1Out) by extension 'cmake'
[0.281s] Level 1:colcon.colcon_core.package_identification:_identify(example1Out) by extension 'python'
[0.281s] Level 1:colcon.colcon_core.package_identification:_identify(example1Out) by extensions ['python_setup_py']
[0.281s] Level 1:colcon.colcon_core.package_identification:_identify(example1Out) by extension 'python_setup_py'
[0.281s] Level 1:colcon.colcon_core.package_identification:_identify(example2) by extensions ['ignore', 'ignore_ament_install']
[0.281s] Level 1:colcon.colcon_core.package_identification:_identify(example2) by extension 'ignore'
[0.281s] Level 1:colcon.colcon_core.package_identification:_identify(example2) by extension 'ignore_ament_install'
[0.281s] Level 1:colcon.colcon_core.package_identification:_identify(example2) by extensions ['colcon_pkg']
[0.281s] Level 1:colcon.colcon_core.package_identification:_identify(example2) by extension 'colcon_pkg'
[0.281s] Level 1:colcon.colcon_core.package_identification:_identify(example2) by extensions ['colcon_meta']
[0.281s] Level 1:colcon.colcon_core.package_identification:_identify(example2) by extension 'colcon_meta'
[0.281s] Level 1:colcon.colcon_core.package_identification:_identify(example2) by extensions ['ros']
[0.282s] Level 1:colcon.colcon_core.package_identification:_identify(example2) by extension 'ros'
[0.282s] Level 1:colcon.colcon_core.package_identification:_identify(example2) by extensions ['cmake', 'python']
[0.282s] Level 1:colcon.colcon_core.package_identification:_identify(example2) by extension 'cmake'
[0.282s] Level 1:colcon.colcon_core.package_identification:_identify(example2) by extension 'python'
[0.282s] Level 1:colcon.colcon_core.package_identification:_identify(example2) by extensions ['python_setup_py']
[0.282s] Level 1:colcon.colcon_core.package_identification:_identify(example2) by extension 'python_setup_py'
[0.282s] Level 1:colcon.colcon_core.package_identification:_identify(example3) by extensions ['ignore', 'ignore_ament_install']
[0.282s] Level 1:colcon.colcon_core.package_identification:_identify(example3) by extension 'ignore'
[0.282s] Level 1:colcon.colcon_core.package_identification:_identify(example3) by extension 'ignore_ament_install'
[0.282s] Level 1:colcon.colcon_core.package_identification:_identify(example3) by extensions ['colcon_pkg']
[0.282s] Level 1:colcon.colcon_core.package_identification:_identify(example3) by extension 'colcon_pkg'
[0.282s] Level 1:colcon.colcon_core.package_identification:_identify(example3) by extensions ['colcon_meta']
[0.282s] Level 1:colcon.colcon_core.package_identification:_identify(example3) by extension 'colcon_meta'
[0.282s] Level 1:colcon.colcon_core.package_identification:_identify(example3) by extensions ['ros']
[0.282s] Level 1:colcon.colcon_core.package_identification:_identify(example3) by extension 'ros'
[0.282s] Level 1:colcon.colcon_core.package_identification:_identify(example3) by extensions ['cmake', 'python']
[0.282s] Level 1:colcon.colcon_core.package_identification:_identify(example3) by extension 'cmake'
[0.282s] Level 1:colcon.colcon_core.package_identification:_identify(example3) by extension 'python'
[0.282s] Level 1:colcon.colcon_core.package_identification:_identify(example3) by extensions ['python_setup_py']
[0.282s] Level 1:colcon.colcon_core.package_identification:_identify(example3) by extension 'python_setup_py'
[0.282s] Level 1:colcon.colcon_core.package_identification:_identify(example4) by extensions ['ignore', 'ignore_ament_install']
[0.282s] Level 1:colcon.colcon_core.package_identification:_identify(example4) by extension 'ignore'
[0.283s] Level 1:colcon.colcon_core.package_identification:_identify(example4) by extension 'ignore_ament_install'
[0.283s] Level 1:colcon.colcon_core.package_identification:_identify(example4) by extensions ['colcon_pkg']
[0.283s] Level 1:colcon.colcon_core.package_identification:_identify(example4) by extension 'colcon_pkg'
[0.283s] Level 1:colcon.colcon_core.package_identification:_identify(example4) by extensions ['colcon_meta']
[0.283s] Level 1:colcon.colcon_core.package_identification:_identify(example4) by extension 'colcon_meta'
[0.283s] Level 1:colcon.colcon_core.package_identification:_identify(example4) by extensions ['ros']
[0.283s] Level 1:colcon.colcon_core.package_identification:_identify(example4) by extension 'ros'
[0.283s] Level 1:colcon.colcon_core.package_identification:_identify(example4) by extensions ['cmake', 'python']
[0.283s] Level 1:colcon.colcon_core.package_identification:_identify(example4) by extension 'cmake'
[0.283s] Level 1:colcon.colcon_core.package_identification:_identify(example4) by extension 'python'
[0.283s] Level 1:colcon.colcon_core.package_identification:_identify(example4) by extensions ['python_setup_py']
[0.283s] Level 1:colcon.colcon_core.package_identification:_identify(example4) by extension 'python_setup_py'
[0.283s] Level 1:colcon.colcon_core.package_identification:_identify(example5) by extensions ['ignore', 'ignore_ament_install']
[0.283s] Level 1:colcon.colcon_core.package_identification:_identify(example5) by extension 'ignore'
[0.283s] Level 1:colcon.colcon_core.package_identification:_identify(example5) by extension 'ignore_ament_install'
[0.283s] Level 1:colcon.colcon_core.package_identification:_identify(example5) by extensions ['colcon_pkg']
[0.283s] Level 1:colcon.colcon_core.package_identification:_identify(example5) by extension 'colcon_pkg'
[0.283s] Level 1:colcon.colcon_core.package_identification:_identify(example5) by extensions ['colcon_meta']
[0.283s] Level 1:colcon.colcon_core.package_identification:_identify(example5) by extension 'colcon_meta'
[0.283s] Level 1:colcon.colcon_core.package_identification:_identify(example5) by extensions ['ros']
[0.283s] Level 1:colcon.colcon_core.package_identification:_identify(example5) by extension 'ros'
[0.283s] Level 1:colcon.colcon_core.package_identification:_identify(example5) by extensions ['cmake', 'python']
[0.283s] Level 1:colcon.colcon_core.package_identification:_identify(example5) by extension 'cmake'
[0.283s] Level 1:colcon.colcon_core.package_identification:_identify(example5) by extension 'python'
[0.283s] Level 1:colcon.colcon_core.package_identification:_identify(example5) by extensions ['python_setup_py']
[0.283s] Level 1:colcon.colcon_core.package_identification:_identify(example5) by extension 'python_setup_py'
[0.284s] Level 1:colcon.colcon_core.package_identification:_identify(example6) by extensions ['ignore', 'ignore_ament_install']
[0.284s] Level 1:colcon.colcon_core.package_identification:_identify(example6) by extension 'ignore'
[0.284s] Level 1:colcon.colcon_core.package_identification:_identify(example6) by extension 'ignore_ament_install'
[0.284s] Level 1:colcon.colcon_core.package_identification:_identify(example6) by extensions ['colcon_pkg']
[0.284s] Level 1:colcon.colcon_core.package_identification:_identify(example6) by extension 'colcon_pkg'
[0.284s] Level 1:colcon.colcon_core.package_identification:_identify(example6) by extensions ['colcon_meta']
[0.284s] Level 1:colcon.colcon_core.package_identification:_identify(example6) by extension 'colcon_meta'
[0.284s] Level 1:colcon.colcon_core.package_identification:_identify(example6) by extensions ['ros']
[0.284s] Level 1:colcon.colcon_core.package_identification:_identify(example6) by extension 'ros'
[0.284s] Level 1:colcon.colcon_core.package_identification:_identify(example6) by extensions ['cmake', 'python']
[0.284s] Level 1:colcon.colcon_core.package_identification:_identify(example6) by extension 'cmake'
[0.284s] Level 1:colcon.colcon_core.package_identification:_identify(example6) by extension 'python'
[0.284s] Level 1:colcon.colcon_core.package_identification:_identify(example6) by extensions ['python_setup_py']
[0.284s] Level 1:colcon.colcon_core.package_identification:_identify(example6) by extension 'python_setup_py'
[0.284s] Level 1:colcon.colcon_core.package_identification:_identify(example7) by extensions ['ignore', 'ignore_ament_install']
[0.284s] Level 1:colcon.colcon_core.package_identification:_identify(example7) by extension 'ignore'
[0.284s] Level 1:colcon.colcon_core.package_identification:_identify(example7) by extension 'ignore_ament_install'
[0.284s] Level 1:colcon.colcon_core.package_identification:_identify(example7) by extensions ['colcon_pkg']
[0.284s] Level 1:colcon.colcon_core.package_identification:_identify(example7) by extension 'colcon_pkg'
[0.284s] Level 1:colcon.colcon_core.package_identification:_identify(example7) by extensions ['colcon_meta']
[0.284s] Level 1:colcon.colcon_core.package_identification:_identify(example7) by extension 'colcon_meta'
[0.284s] Level 1:colcon.colcon_core.package_identification:_identify(example7) by extensions ['ros']
[0.284s] Level 1:colcon.colcon_core.package_identification:_identify(example7) by extension 'ros'
[0.284s] Level 1:colcon.colcon_core.package_identification:_identify(example7) by extensions ['cmake', 'python']
[0.285s] Level 1:colcon.colcon_core.package_identification:_identify(example7) by extension 'cmake'
[0.285s] Level 1:colcon.colcon_core.package_identification:_identify(example7) by extension 'python'
[0.285s] Level 1:colcon.colcon_core.package_identification:_identify(example7) by extensions ['python_setup_py']
[0.285s] Level 1:colcon.colcon_core.package_identification:_identify(example7) by extension 'python_setup_py'
[0.285s] Level 1:colcon.colcon_core.package_identification:_identify(example8) by extensions ['ignore', 'ignore_ament_install']
[0.285s] Level 1:colcon.colcon_core.package_identification:_identify(example8) by extension 'ignore'
[0.285s] Level 1:colcon.colcon_core.package_identification:_identify(example8) by extension 'ignore_ament_install'
[0.285s] Level 1:colcon.colcon_core.package_identification:_identify(example8) by extensions ['colcon_pkg']
[0.285s] Level 1:colcon.colcon_core.package_identification:_identify(example8) by extension 'colcon_pkg'
[0.285s] Level 1:colcon.colcon_core.package_identification:_identify(example8) by extensions ['colcon_meta']
[0.285s] Level 1:colcon.colcon_core.package_identification:_identify(example8) by extension 'colcon_meta'
[0.285s] Level 1:colcon.colcon_core.package_identification:_identify(example8) by extensions ['ros']
[0.285s] Level 1:colcon.colcon_core.package_identification:_identify(example8) by extension 'ros'
[0.285s] Level 1:colcon.colcon_core.package_identification:_identify(example8) by extensions ['cmake', 'python']
[0.285s] Level 1:colcon.colcon_core.package_identification:_identify(example8) by extension 'cmake'
[0.285s] Level 1:colcon.colcon_core.package_identification:_identify(example8) by extension 'python'
[0.285s] Level 1:colcon.colcon_core.package_identification:_identify(example8) by extensions ['python_setup_py']
[0.285s] Level 1:colcon.colcon_core.package_identification:_identify(example8) by extension 'python_setup_py'
[0.285s] Level 1:colcon.colcon_core.package_identification:_identify(example9) by extensions ['ignore', 'ignore_ament_install']
[0.285s] Level 1:colcon.colcon_core.package_identification:_identify(example9) by extension 'ignore'
[0.285s] Level 1:colcon.colcon_core.package_identification:_identify(example9) by extension 'ignore_ament_install'
[0.285s] Level 1:colcon.colcon_core.package_identification:_identify(example9) by extensions ['colcon_pkg']
[0.285s] Level 1:colcon.colcon_core.package_identification:_identify(example9) by extension 'colcon_pkg'
[0.285s] Level 1:colcon.colcon_core.package_identification:_identify(example9) by extensions ['colcon_meta']
[0.285s] Level 1:colcon.colcon_core.package_identification:_identify(example9) by extension 'colcon_meta'
[0.286s] Level 1:colcon.colcon_core.package_identification:_identify(example9) by extensions ['ros']
[0.286s] Level 1:colcon.colcon_core.package_identification:_identify(example9) by extension 'ros'
[0.286s] Level 1:colcon.colcon_core.package_identification:_identify(example9) by extensions ['cmake', 'python']
[0.286s] Level 1:colcon.colcon_core.package_identification:_identify(example9) by extension 'cmake'
[0.286s] Level 1:colcon.colcon_core.package_identification:_identify(example9) by extension 'python'
[0.286s] Level 1:colcon.colcon_core.package_identification:_identify(example9) by extensions ['python_setup_py']
[0.286s] Level 1:colcon.colcon_core.package_identification:_identify(example9) by extension 'python_setup_py'
[0.286s] Level 1:colcon.colcon_core.package_identification:_identify(install) by extensions ['ignore', 'ignore_ament_install']
[0.286s] Level 1:colcon.colcon_core.package_identification:_identify(install) by extension 'ignore'
[0.286s] Level 1:colcon.colcon_core.package_identification:_identify(install) ignored
[0.286s] Level 1:colcon.colcon_core.package_identification:_identify(log) by extensions ['ignore', 'ignore_ament_install']
[0.286s] Level 1:colcon.colcon_core.package_identification:_identify(log) by extension 'ignore'
[0.286s] Level 1:colcon.colcon_core.package_identification:_identify(log) ignored
[0.286s] Level 1:colcon.colcon_core.package_identification:_identify(src) by extensions ['ignore', 'ignore_ament_install']
[0.286s] Level 1:colcon.colcon_core.package_identification:_identify(src) by extension 'ignore'
[0.287s] Level 1:colcon.colcon_core.package_identification:_identify(src) by extension 'ignore_ament_install'
[0.287s] Level 1:colcon.colcon_core.package_identification:_identify(src) by extensions ['colcon_pkg']
[0.287s] Level 1:colcon.colcon_core.package_identification:_identify(src) by extension 'colcon_pkg'
[0.287s] Level 1:colcon.colcon_core.package_identification:_identify(src) by extensions ['colcon_meta']
[0.287s] Level 1:colcon.colcon_core.package_identification:_identify(src) by extension 'colcon_meta'
[0.287s] Level 1:colcon.colcon_core.package_identification:_identify(src) by extensions ['ros']
[0.287s] Level 1:colcon.colcon_core.package_identification:_identify(src) by extension 'ros'
[0.287s] Level 1:colcon.colcon_core.package_identification:_identify(src) by extensions ['cmake', 'python']
[0.287s] Level 1:colcon.colcon_core.package_identification:_identify(src) by extension 'cmake'
[0.287s] Level 1:colcon.colcon_core.package_identification:_identify(src) by extension 'python'
[0.287s] Level 1:colcon.colcon_core.package_identification:_identify(src) by extensions ['python_setup_py']
[0.287s] Level 1:colcon.colcon_core.package_identification:_identify(src) by extension 'python_setup_py'
[0.287s] Level 1:colcon.colcon_core.package_identification:_identify(src/project3) by extensions ['ignore', 'ignore_ament_install']
[0.287s] Level 1:colcon.colcon_core.package_identification:_identify(src/project3) by extension 'ignore'
[0.287s] Level 1:colcon.colcon_core.package_identification:_identify(src/project3) by extension 'ignore_ament_install'
[0.287s] Level 1:colcon.colcon_core.package_identification:_identify(src/project3) by extensions ['colcon_pkg']
[0.287s] Level 1:colcon.colcon_core.package_identification:_identify(src/project3) by extension 'colcon_pkg'
[0.287s] Level 1:colcon.colcon_core.package_identification:_identify(src/project3) by extensions ['colcon_meta']
[0.287s] Level 1:colcon.colcon_core.package_identification:_identify(src/project3) by extension 'colcon_meta'
[0.287s] Level 1:colcon.colcon_core.package_identification:_identify(src/project3) by extensions ['ros']
[0.287s] Level 1:colcon.colcon_core.package_identification:_identify(src/project3) by extension 'ros'
[0.289s] DEBUG:colcon.colcon_core.package_identification:Package 'src/project3' with type 'ros.ament_python' and name 'project3'
[0.289s] Level 1:colcon.colcon_core.package_discovery:discover_packages(recursive) using defaults
[0.289s] Level 1:colcon.colcon_core.package_discovery:discover_packages(ignore) discover
[0.289s] Level 1:colcon.colcon_core.package_discovery:discover_packages(ignore) using defaults
[0.289s] Level 1:colcon.colcon_core.package_discovery:discover_packages(path) discover
[0.289s] Level 1:colcon.colcon_core.package_discovery:discover_packages(path) using defaults
[0.308s] Level 1:colcon.colcon_core.package_discovery:discover_packages(prefix_path) check parameters
[0.308s] Level 1:colcon.colcon_core.package_discovery:discover_packages(prefix_path) discover
[0.310s] DEBUG:colcon.colcon_installed_package_information.package_discovery:Found 1 installed packages in /home/shuruixu/Desktop/CSCE452/452-roboticsprojects/452robotics-project3_ws/install
[0.311s] DEBUG:colcon.colcon_installed_package_information.package_discovery:Found 284 installed packages in /opt/ros/humble
[0.312s] Level 1:colcon.colcon_core.package_discovery:discover_packages(prefix_path) using defaults
[0.362s] Level 5:colcon.colcon_core.verb:set package 'project3' build argument 'cmake_args' from command line to 'None'
[0.363s] Level 5:colcon.colcon_core.verb:set package 'project3' build argument 'cmake_target' from command line to 'None'
[0.363s] Level 5:colcon.colcon_core.verb:set package 'project3' build argument 'cmake_target_skip_unavailable' from command line to 'False'
[0.363s] Level 5:colcon.colcon_core.verb:set package 'project3' build argument 'cmake_clean_cache' from command line to 'False'
[0.363s] Level 5:colcon.colcon_core.verb:set package 'project3' build argument 'cmake_clean_first' from command line to 'False'
[0.363s] Level 5:colcon.colcon_core.verb:set package 'project3' build argument 'cmake_force_configure' from command line to 'False'
[0.363s] Level 5:colcon.colcon_core.verb:set package 'project3' build argument 'ament_cmake_args' from command line to 'None'
[0.363s] Level 5:colcon.colcon_core.verb:set package 'project3' build argument 'catkin_cmake_args' from command line to 'None'
[0.363s] Level 5:colcon.colcon_core.verb:set package 'project3' build argument 'catkin_skip_building_tests' from command line to 'False'
[0.363s] DEBUG:colcon.colcon_core.verb:Building package 'project3' with the following arguments: {'ament_cmake_args': None, 'build_base': '/home/shuruixu/Desktop/CSCE452/452-roboticsprojects/452robotics-project3_ws/build/project3', 'catkin_cmake_args': None, 'catkin_skip_building_tests': False, 'cmake_args': None, 'cmake_clean_cache': False, 'cmake_clean_first': False, 'cmake_force_configure': False, 'cmake_target': None, 'cmake_target_skip_unavailable': False, 'install_base': '/home/shuruixu/Desktop/CSCE452/452-roboticsprojects/452robotics-project3_ws/install/project3', 'merge_install': False, 'path': '/home/shuruixu/Desktop/CSCE452/452-roboticsprojects/452robotics-project3_ws/src/project3', 'symlink_install': False, 'test_result_base': None}
[0.363s] INFO:colcon.colcon_core.executor:Executing jobs using 'parallel' executor
[0.366s] DEBUG:colcon.colcon_parallel_executor.executor.parallel:run_until_complete
[0.366s] INFO:colcon.colcon_ros.task.ament_python.build:Building ROS package in '/home/shuruixu/Desktop/CSCE452/452-roboticsprojects/452robotics-project3_ws/src/project3' with build type 'ament_python'
[0.366s] Level 1:colcon.colcon_core.shell:create_environment_hook('project3', 'ament_prefix_path')
[0.369s] INFO:colcon.colcon_core.plugin_system:Skipping extension 'colcon_core.shell.bat': Not used on non-Windows systems
[0.370s] INFO:colcon.colcon_core.shell:Creating environment hook '/home/shuruixu/Desktop/CSCE452/452-roboticsprojects/452robotics-project3_ws/install/project3/share/project3/hook/ament_prefix_path.ps1'
[0.370s] INFO:colcon.colcon_core.shell:Creating environment descriptor '/home/shuruixu/Desktop/CSCE452/452-roboticsprojects/452robotics-project3_ws/install/project3/share/project3/hook/ament_prefix_path.dsv'
[0.371s] INFO:colcon.colcon_core.shell:Creating environment hook '/home/shuruixu/Desktop/CSCE452/452-roboticsprojects/452robotics-project3_ws/install/project3/share/project3/hook/ament_prefix_path.sh'
[0.372s] INFO:colcon.colcon_core.shell:Skip shell extension 'powershell' for command environment: Not usable outside of PowerShell
[0.372s] DEBUG:colcon.colcon_core.shell:Skip shell extension 'dsv' for command environment
[0.576s] INFO:colcon.colcon_core.task.python.build:Building Python package in '/home/shuruixu/Desktop/CSCE452/452-roboticsprojects/452robotics-project3_ws/src/project3'
[0.577s] INFO:colcon.colcon_core.shell:Skip shell extension 'powershell' for command environment: Not usable outside of PowerShell
[0.577s] DEBUG:colcon.colcon_core.shell:Skip shell extension 'dsv' for command environment
[0.863s] DEBUG:colcon.colcon_core.event_handler.log_command:Invoking command in '/home/shuruixu/Desktop/CSCE452/452-roboticsprojects/452robotics-project3_ws/src/project3': PYTHONPATH=/home/shuruixu/Desktop/CSCE452/452-roboticsprojects/452robotics-project3_ws/build/project3/prefix_override:/home/shuruixu/Desktop/CSCE452/452-roboticsprojects/452robotics-project3_ws/install/project3/lib/python3.10/site-packages:${PYTHONPATH} /usr/bin/python3 setup.py egg_info --egg-base ../../build/project3 build --build-base /home/shuruixu/Desktop/CSCE452/452-roboticsprojects/452robotics-project3_ws/build/project3/build install --record /home/shuruixu/Desktop/CSCE452/452-roboticsprojects/452robotics-project3_ws/build/project3/install.log --single-version-externally-managed
[1.102s] DEBUG:colcon.colcon_core.event_handler.log_command:Invoked command in '/home/shuruixu/Desktop/CSCE452/452-roboticsprojects/452robotics-project3_ws/src/project3' returned '0': PYTHONPATH=/home/shuruixu/Desktop/CSCE452/452-roboticsprojects/452robotics-project3_ws/build/project3/prefix_override:/home/shuruixu/Desktop/CSCE452/452-roboticsprojects/452robotics-project3_ws/install/project3/lib/python3.10/site-packages:${PYTHONPATH} /usr/bin/python3 setup.py egg_info --egg-base ../../build/project3 build --build-base /home/shuruixu/Desktop/CSCE452/452-roboticsprojects/452robotics-project3_ws/build/project3/build install --record /home/shuruixu/Desktop/CSCE452/452-roboticsprojects/452robotics-project3_ws/build/project3/install.log --single-version-externally-managed
[1.106s] Level 1:colcon.colcon_core.environment:checking '/home/shuruixu/Desktop/CSCE452/452-roboticsprojects/452robotics-project3_ws/install/project3' for CMake module files
[1.106s] Level 1:colcon.colcon_core.environment:checking '/home/shuruixu/Desktop/CSCE452/452-roboticsprojects/452robotics-project3_ws/install/project3' for CMake config files
[1.107s] Level 1:colcon.colcon_core.environment:checking '/home/shuruixu/Desktop/CSCE452/452-roboticsprojects/452robotics-project3_ws/install/project3/lib'
[1.107s] Level 1:colcon.colcon_core.environment:checking '/home/shuruixu/Desktop/CSCE452/452-roboticsprojects/452robotics-project3_ws/install/project3/bin'
[1.107s] Level 1:colcon.colcon_core.environment:checking '/home/shuruixu/Desktop/CSCE452/452-roboticsprojects/452robotics-project3_ws/install/project3/lib/pkgconfig/project3.pc'
[1.107s] Level 1:colcon.colcon_core.environment:checking '/home/shuruixu/Desktop/CSCE452/452-roboticsprojects/452robotics-project3_ws/install/project3/lib/python3.10/site-packages'
[1.107s] Level 1:colcon.colcon_core.shell:create_environment_hook('project3', 'pythonpath')
[1.108s] INFO:colcon.colcon_core.shell:Creating environment hook '/home/shuruixu/Desktop/CSCE452/452-roboticsprojects/452robotics-project3_ws/install/project3/share/project3/hook/pythonpath.ps1'
[1.108s] INFO:colcon.colcon_core.shell:Creating environment descriptor '/home/shuruixu/Desktop/CSCE452/452-roboticsprojects/452robotics-project3_ws/install/project3/share/project3/hook/pythonpath.dsv'
[1.109s] INFO:colcon.colcon_core.shell:Creating environment hook '/home/shuruixu/Desktop/CSCE452/452-roboticsprojects/452robotics-project3_ws/install/project3/share/project3/hook/pythonpath.sh'
[1.109s] Level 1:colcon.colcon_core.environment:checking '/home/shuruixu/Desktop/CSCE452/452-roboticsprojects/452robotics-project3_ws/install/project3/bin'
[1.109s] Level 1:colcon.colcon_core.environment:create_environment_scripts_only(project3)
[1.110s] INFO:colcon.colcon_core.shell:Creating package script '/home/shuruixu/Desktop/CSCE452/452-roboticsprojects/452robotics-project3_ws/install/project3/share/project3/package.ps1'
[1.111s] INFO:colcon.colcon_core.shell:Creating package descriptor '/home/shuruixu/Desktop/CSCE452/452-roboticsprojects/452robotics-project3_ws/install/project3/share/project3/package.dsv'
[1.111s] INFO:colcon.colcon_core.shell:Creating package script '/home/shuruixu/Desktop/CSCE452/452-roboticsprojects/452robotics-project3_ws/install/project3/share/project3/package.sh'
[1.112s] INFO:colcon.colcon_core.shell:Creating package script '/home/shuruixu/Desktop/CSCE452/452-roboticsprojects/452robotics-project3_ws/install/project3/share/project3/package.bash'
[1.113s] INFO:colcon.colcon_core.shell:Creating package script '/home/shuruixu/Desktop/CSCE452/452-roboticsprojects/452robotics-project3_ws/install/project3/share/project3/package.zsh'
[1.113s] Level 1:colcon.colcon_core.environment:create_file_with_runtime_dependencies(/home/shuruixu/Desktop/CSCE452/452-roboticsprojects/452robotics-project3_ws/install/project3/share/colcon-core/packages/project3)
[1.113s] DEBUG:colcon.colcon_parallel_executor.executor.parallel:closing loop
[1.114s] DEBUG:colcon.colcon_parallel_executor.executor.parallel:loop closed
[1.114s] DEBUG:colcon.colcon_parallel_executor.executor.parallel:run_until_complete finished with '0'
[1.114s] DEBUG:colcon.colcon_core.event_reactor:joining thread
[1.119s] INFO:colcon.colcon_core.plugin_system:Skipping extension 'colcon_notification.desktop_notification.terminal_notifier': Not used on non-Darwin systems
[1.119s] INFO:colcon.colcon_core.plugin_system:Skipping extension 'colcon_notification.desktop_notification.win32': Not used on non-Windows systems
[1.119s] INFO:colcon.colcon_notification.desktop_notification:Sending desktop notification using 'notify2'
[1.128s] DEBUG:colcon.colcon_core.event_reactor:joined thread
[1.129s] INFO:colcon.colcon_core.shell:Creating prefix script '/home/shuruixu/Desktop/CSCE452/452-roboticsprojects/452robotics-project3_ws/install/local_setup.ps1'
[1.130s] INFO:colcon.colcon_core.shell:Creating prefix util module '/home/shuruixu/Desktop/CSCE452/452-roboticsprojects/452robotics-project3_ws/install/_local_setup_util_ps1.py'
[1.131s] INFO:colcon.colcon_core.shell:Creating prefix chain script '/home/shuruixu/Desktop/CSCE452/452-roboticsprojects/452robotics-project3_ws/install/setup.ps1'
[1.132s] INFO:colcon.colcon_core.shell:Creating prefix script '/home/shuruixu/Desktop/CSCE452/452-roboticsprojects/452robotics-project3_ws/install/local_setup.sh'
[1.132s] INFO:colcon.colcon_core.shell:Creating prefix util module '/home/shuruixu/Desktop/CSCE452/452-roboticsprojects/452robotics-project3_ws/install/_local_setup_util_sh.py'
[1.132s] INFO:colcon.colcon_core.shell:Creating prefix chain script '/home/shuruixu/Desktop/CSCE452/452-roboticsprojects/452robotics-project3_ws/install/setup.sh'
[1.133s] INFO:colcon.colcon_core.shell:Creating prefix script '/home/shuruixu/Desktop/CSCE452/452-roboticsprojects/452robotics-project3_ws/install/local_setup.bash'
[1.134s] INFO:colcon.colcon_core.shell:Creating prefix chain script '/home/shuruixu/Desktop/CSCE452/452-roboticsprojects/452robotics-project3_ws/install/setup.bash'
[1.135s] INFO:colcon.colcon_core.shell:Creating prefix script '/home/shuruixu/Desktop/CSCE452/452-roboticsprojects/452robotics-project3_ws/install/local_setup.zsh'
[1.135s] INFO:colcon.colcon_core.shell:Creating prefix chain script '/home/shuruixu/Desktop/CSCE452/452-roboticsprojects/452robotics-project3_ws/install/setup.zsh'
