running egg_info
creating ../../build/project3/project3.egg-info
writing ../../build/project3/project3.egg-info/PKG-INFO
writing dependency_links to ../../build/project3/project3.egg-info/dependency_links.txt
writing entry points to ../../build/project3/project3.egg-info/entry_points.txt
writing requirements to ../../build/project3/project3.egg-info/requires.txt
writing top-level names to ../../build/project3/project3.egg-info/top_level.txt
writing manifest file '../../build/project3/project3.egg-info/SOURCES.txt'
reading manifest file '../../build/project3/project3.egg-info/SOURCES.txt'
writing manifest file '../../build/project3/project3.egg-info/SOURCES.txt'
running build
running build_py
creating /home/shuruixu/Desktop/CSCE452/452-roboticsprojects/452robotics-project3_ws/build/project3/build
creating /home/shuruixu/Desktop/CSCE452/452-roboticsprojects/452robotics-project3_ws/build/project3/build/lib
creating /home/shuruixu/Desktop/CSCE452/452-roboticsprojects/452robotics-project3_ws/build/project3/build/lib/project3
copying project3/peopleCounter.py -> /home/shuruixu/Desktop/CSCE452/452-roboticsprojects/452robotics-project3_ws/build/project3/build/lib/project3
copying project3/__init__.py -> /home/shuruixu/Desktop/CSCE452/452-roboticsprojects/452robotics-project3_ws/build/project3/build/lib/project3
running install
running install_lib
creating /home/shuruixu/Desktop/CSCE452/452-roboticsprojects/452robotics-project3_ws/install/project3/lib/python3.10/site-packages/project3
copying /home/shuruixu/Desktop/CSCE452/452-roboticsprojects/452robotics-project3_ws/build/project3/build/lib/project3/peopleCounter.py -> /home/shuruixu/Desktop/CSCE452/452-roboticsprojects/452robotics-project3_ws/install/project3/lib/python3.10/site-packages/project3
copying /home/shuruixu/Desktop/CSCE452/452-roboticsprojects/452robotics-project3_ws/build/project3/build/lib/project3/__init__.py -> /home/shuruixu/Desktop/CSCE452/452-roboticsprojects/452robotics-project3_ws/install/project3/lib/python3.10/site-packages/project3
byte-compiling /home/shuruixu/Desktop/CSCE452/452-roboticsprojects/452robotics-project3_ws/install/project3/lib/python3.10/site-packages/project3/peopleCounter.py to peopleCounter.cpython-310.pyc
byte-compiling /home/shuruixu/Desktop/CSCE452/452-roboticsprojects/452robotics-project3_ws/install/project3/lib/python3.10/site-packages/project3/__init__.py to __init__.cpython-310.pyc
running install_data
creating /home/shuruixu/Desktop/CSCE452/452-roboticsprojects/452robotics-project3_ws/install/project3/share/ament_index
creating /home/shuruixu/Desktop/CSCE452/452-roboticsprojects/452robotics-project3_ws/install/project3/share/ament_index/resource_index
creating /home/shuruixu/Desktop/CSCE452/452-roboticsprojects/452robotics-project3_ws/install/project3/share/ament_index/resource_index/packages
copying resource/project3 -> /home/shuruixu/Desktop/CSCE452/452-roboticsprojects/452robotics-project3_ws/install/project3/share/ament_index/resource_index/packages
copying package.xml -> /home/shuruixu/Desktop/CSCE452/452-roboticsprojects/452robotics-project3_ws/install/project3/share/project3
running install_egg_info
Copying ../../build/project3/project3.egg-info to /home/shuruixu/Desktop/CSCE452/452-roboticsprojects/452robotics-project3_ws/install/project3/lib/python3.10/site-packages/project3-0.0.0-py3.10.egg-info
running install_scripts
writing list of installed files to '/home/shuruixu/Desktop/CSCE452/452-roboticsprojects/452robotics-project3_ws/build/project3/install.log'
