[0.483s] Invoking command in '/home/shuruixu/Desktop/CSCE452/452-roboticsprojects/452robotics-project4_ws/src/project4': PYTHONPATH=/home/shuruixu/Desktop/CSCE452/452-roboticsprojects/452robotics-project4_ws/build/project4/prefix_override:/home/shuruixu/Desktop/CSCE452/452-roboticsprojects/452robotics-project4_ws/install/project4/lib/python3.10/site-packages:${PYTHONPATH} /usr/bin/python3 setup.py egg_info --egg-base ../../build/project4 build --build-base /home/shuruixu/Desktop/CSCE452/452-roboticsprojects/452robotics-project4_ws/build/project4/build install --record /home/shuruixu/Desktop/CSCE452/452-roboticsprojects/452robotics-project4_ws/build/project4/install.log --single-version-externally-managed
[0.687s] running egg_info
[0.687s] writing ../../build/project4/project4.egg-info/PKG-INFO
[0.687s] writing dependency_links to ../../build/project4/project4.egg-info/dependency_links.txt
[0.688s] writing entry points to ../../build/project4/project4.egg-info/entry_points.txt
[0.688s] writing requirements to ../../build/project4/project4.egg-info/requires.txt
[0.688s] writing top-level names to ../../build/project4/project4.egg-info/top_level.txt
[0.689s] reading manifest file '../../build/project4/project4.egg-info/SOURCES.txt'
[0.690s] writing manifest file '../../build/project4/project4.egg-info/SOURCES.txt'
[0.690s] running build
[0.690s] running build_py
[0.691s] running install
[0.691s] /usr/lib/python3/dist-packages/setuptools/command/install.py:34: SetuptoolsDeprecationWarning: setup.py install is deprecated. Use build and pip and other standards-based tools.
[0.691s]   warnings.warn(
[0.691s] running install_lib
[0.692s] running install_data
[0.692s] copying launch/open.world -> /home/shuruixu/Desktop/CSCE452/452-roboticsprojects/452robotics-project4_ws/install/project4/share/project4
[0.693s] running install_egg_info
[0.694s] removing '/home/shuruixu/Desktop/CSCE452/452-roboticsprojects/452robotics-project4_ws/install/project4/lib/python3.10/site-packages/project4-0.0.0-py3.10.egg-info' (and everything under it)
[0.694s] Copying ../../build/project4/project4.egg-info to /home/shuruixu/Desktop/CSCE452/452-roboticsprojects/452robotics-project4_ws/install/project4/lib/python3.10/site-packages/project4-0.0.0-py3.10.egg-info
[0.694s] running install_scripts
[0.710s] Installing simulator script to /home/shuruixu/Desktop/CSCE452/452-roboticsprojects/452robotics-project4_ws/install/project4/lib/project4
[0.711s] writing list of installed files to '/home/shuruixu/Desktop/CSCE452/452-roboticsprojects/452robotics-project4_ws/build/project4/install.log'
[0.733s] Invoked command in '/home/shuruixu/Desktop/CSCE452/452-roboticsprojects/452robotics-project4_ws/src/project4' returned '0': PYTHONPATH=/home/shuruixu/Desktop/CSCE452/452-roboticsprojects/452robotics-project4_ws/build/project4/prefix_override:/home/shuruixu/Desktop/CSCE452/452-roboticsprojects/452robotics-project4_ws/install/project4/lib/python3.10/site-packages:${PYTHONPATH} /usr/bin/python3 setup.py egg_info --egg-base ../../build/project4 build --build-base /home/shuruixu/Desktop/CSCE452/452-roboticsprojects/452robotics-project4_ws/build/project4/build install --record /home/shuruixu/Desktop/CSCE452/452-roboticsprojects/452robotics-project4_ws/build/project4/install.log --single-version-externally-managed
